#-----------------------------------------------------------
# Vivado v2018.3 (64-bit)
# SW Build 2405991 on Thu Dec  6 23:38:27 MST 2018
# IP Build 2404404 on Fri Dec  7 01:43:56 MST 2018
# Start of session at: Fri Jul  5 13:19:34 2019
# Process ID: 17760
# Current directory: D:/Vivado_learning/MIPS_MCU_v3.0
# Command line: vivado.exe -gui_launcher_event rodinguilauncherevent54768 D:\Vivado_learning\MIPS_MCU_v3.0\MIPS_MCU_v3.0.xpr
# Log file: D:/Vivado_learning/MIPS_MCU_v3.0/vivado.log
# Journal file: D:/Vivado_learning/MIPS_MCU_v3.0\vivado.jou
#-----------------------------------------------------------
start_gui
open_project D:/Vivado_learning/MIPS_MCU_v3.0/MIPS_MCU_v3.0.xpr
INFO: [Project 1-313] Project file moved from 'F:/codes/Vivado/MIPS_MCU_v3.0' since last save.
CRITICAL WARNING: [Project 1-19] Could not find the file 'c:/Users/12621/Documents/Tencent Files/1262155433/FileRecv/load_rank_onehot.coe'.
CRITICAL WARNING: [Project 1-19] Could not find the file 'c:/Users/12621/Documents/Tencent Files/1262155433/FileRecv/output_data.coe'.
CRITICAL WARNING: [Project 1-19] Could not find the file 'c:/Users/12621/Documents/Tencent Files/1262155433/FileRecv/order.coe'.
Scanning sources...
Finished scanning sources
INFO: [IP_Flow 19-234] Refreshing IP repositories
INFO: [IP_Flow 19-1704] No user IP repositories specified
INFO: [IP_Flow 19-2313] Loaded Vivado IP repository 'C:/Xilinx/Vivado/2018.3/data/ip'.
open_project: Time (s): cpu = 00:00:19 ; elapsed = 00:00:11 . Memory (MB): peak = 848.969 ; gain = 222.742
update_compile_order -fileset sources_1
INFO: [Device 21-403] Loading part xc7a35ticpg236-1L
WARNING: [IP_Flow 19-4067] Ignoring invalid widget type specified checkbox.Providing a default widget
WARNING: [IP_Flow 19-4067] Ignoring invalid widget type specified checkbox.Providing a default widget
WARNING: [IP_Flow 19-4067] Ignoring invalid widget type specified checkbox.Providing a default widget
WARNING: [IP_Flow 19-4067] Ignoring invalid widget type specified checkbox.Providing a default widget
WARNING: [IP_Flow 19-4067] Ignoring invalid widget type specified checkbox.Providing a default widget
WARNING: [IP_Flow 19-4067] Ignoring invalid widget type specified checkbox.Providing a default widget
WARNING: [IP_Flow 19-4067] Ignoring invalid widget type specified checkbox.Providing a default widget
WARNING: [IP_Flow 19-4067] Ignoring invalid widget type specified checkbox.Providing a default widget
create_ip -name blk_mem_gen -vendor xilinx.com -library ip -version 8.4 -module_name blk_mem_shared_3 -dir d:/Vivado_learning/MIPS_MCU_v3.0/MIPS_MCU_v3.0.srcs/sources_1/ip
set_property -dict [list CONFIG.Component_Name {blk_mem_shared_3}] [get_ips blk_mem_shared_3]
WARNING: [Vivado 12-3523] Attempt to change 'Component_Name' from 'blk_mem_shared_3' to 'blk_mem_shared_3' is not allowed and is ignored.
generate_target {instantiation_template} [get_files d:/Vivado_learning/MIPS_MCU_v3.0/MIPS_MCU_v3.0.srcs/sources_1/ip/blk_mem_shared_3/blk_mem_shared_3.xci]
INFO: [IP_Flow 19-1686] Generating 'Instantiation Template' target for IP 'blk_mem_shared_3'...
update_compile_order -fileset sources_1
generate_target all [get_files  d:/Vivado_learning/MIPS_MCU_v3.0/MIPS_MCU_v3.0.srcs/sources_1/ip/blk_mem_shared_3/blk_mem_shared_3.xci]
INFO: [IP_Flow 19-1686] Generating 'Synthesis' target for IP 'blk_mem_shared_3'...
INFO: [IP_Flow 19-1686] Generating 'Simulation' target for IP 'blk_mem_shared_3'...
INFO: [IP_Flow 19-1686] Generating 'Miscellaneous' target for IP 'blk_mem_shared_3'...
INFO: [IP_Flow 19-1686] Generating 'Change Log' target for IP 'blk_mem_shared_3'...
catch { config_ip_cache -export [get_ips -all blk_mem_shared_3] }
export_ip_user_files -of_objects [get_files d:/Vivado_learning/MIPS_MCU_v3.0/MIPS_MCU_v3.0.srcs/sources_1/ip/blk_mem_shared_3/blk_mem_shared_3.xci] -no_script -sync -force -quiet
create_ip_run [get_files -of_objects [get_fileset sources_1] d:/Vivado_learning/MIPS_MCU_v3.0/MIPS_MCU_v3.0.srcs/sources_1/ip/blk_mem_shared_3/blk_mem_shared_3.xci]
launch_runs -jobs 6 blk_mem_shared_3_synth_1
[Fri Jul  5 13:26:35 2019] Launched blk_mem_shared_3_synth_1...
Run output will be captured here: D:/Vivado_learning/MIPS_MCU_v3.0/MIPS_MCU_v3.0.runs/blk_mem_shared_3_synth_1/runme.log
export_simulation -of_objects [get_files d:/Vivado_learning/MIPS_MCU_v3.0/MIPS_MCU_v3.0.srcs/sources_1/ip/blk_mem_shared_3/blk_mem_shared_3.xci] -directory D:/Vivado_learning/MIPS_MCU_v3.0/MIPS_MCU_v3.0.ip_user_files/sim_scripts -ip_user_files_dir D:/Vivado_learning/MIPS_MCU_v3.0/MIPS_MCU_v3.0.ip_user_files -ipstatic_source_dir D:/Vivado_learning/MIPS_MCU_v3.0/MIPS_MCU_v3.0.ip_user_files/ipstatic -lib_map_path [list {modelsim=D:/Vivado_learning/MIPS_MCU_v3.0/MIPS_MCU_v3.0.cache/compile_simlib/modelsim} {questa=D:/Vivado_learning/MIPS_MCU_v3.0/MIPS_MCU_v3.0.cache/compile_simlib/questa} {riviera=D:/Vivado_learning/MIPS_MCU_v3.0/MIPS_MCU_v3.0.cache/compile_simlib/riviera} {activehdl=D:/Vivado_learning/MIPS_MCU_v3.0/MIPS_MCU_v3.0.cache/compile_simlib/activehdl}] -use_ip_compiled_libs -force -quiet
WARNING: [IP_Flow 19-4067] Ignoring invalid widget type specified checkbox.Providing a default widget
WARNING: [IP_Flow 19-4067] Ignoring invalid widget type specified checkbox.Providing a default widget
create_ip -name blk_mem_gen -vendor xilinx.com -library ip -version 8.4 -module_name blk_mem_shared_4 -dir d:/Vivado_learning/MIPS_MCU_v3.0/MIPS_MCU_v3.0.srcs/sources_1/ip
set_property -dict [list CONFIG.Component_Name {blk_mem_shared_4}] [get_ips blk_mem_shared_4]
WARNING: [Vivado 12-3523] Attempt to change 'Component_Name' from 'blk_mem_shared_4' to 'blk_mem_shared_4' is not allowed and is ignored.
generate_target {instantiation_template} [get_files d:/Vivado_learning/MIPS_MCU_v3.0/MIPS_MCU_v3.0.srcs/sources_1/ip/blk_mem_shared_4/blk_mem_shared_4.xci]
INFO: [IP_Flow 19-1686] Generating 'Instantiation Template' target for IP 'blk_mem_shared_4'...
generate_target all [get_files  d:/Vivado_learning/MIPS_MCU_v3.0/MIPS_MCU_v3.0.srcs/sources_1/ip/blk_mem_shared_4/blk_mem_shared_4.xci]
INFO: [IP_Flow 19-1686] Generating 'Synthesis' target for IP 'blk_mem_shared_4'...
INFO: [IP_Flow 19-1686] Generating 'Simulation' target for IP 'blk_mem_shared_4'...
INFO: [IP_Flow 19-1686] Generating 'Miscellaneous' target for IP 'blk_mem_shared_4'...
INFO: [IP_Flow 19-1686] Generating 'Change Log' target for IP 'blk_mem_shared_4'...
catch { config_ip_cache -export [get_ips -all blk_mem_shared_4] }
export_ip_user_files -of_objects [get_files d:/Vivado_learning/MIPS_MCU_v3.0/MIPS_MCU_v3.0.srcs/sources_1/ip/blk_mem_shared_4/blk_mem_shared_4.xci] -no_script -sync -force -quiet
create_ip_run [get_files -of_objects [get_fileset sources_1] d:/Vivado_learning/MIPS_MCU_v3.0/MIPS_MCU_v3.0.srcs/sources_1/ip/blk_mem_shared_4/blk_mem_shared_4.xci]
launch_runs -jobs 6 blk_mem_shared_4_synth_1
[Fri Jul  5 13:27:00 2019] Launched blk_mem_shared_4_synth_1...
Run output will be captured here: D:/Vivado_learning/MIPS_MCU_v3.0/MIPS_MCU_v3.0.runs/blk_mem_shared_4_synth_1/runme.log
export_simulation -of_objects [get_files d:/Vivado_learning/MIPS_MCU_v3.0/MIPS_MCU_v3.0.srcs/sources_1/ip/blk_mem_shared_4/blk_mem_shared_4.xci] -directory D:/Vivado_learning/MIPS_MCU_v3.0/MIPS_MCU_v3.0.ip_user_files/sim_scripts -ip_user_files_dir D:/Vivado_learning/MIPS_MCU_v3.0/MIPS_MCU_v3.0.ip_user_files -ipstatic_source_dir D:/Vivado_learning/MIPS_MCU_v3.0/MIPS_MCU_v3.0.ip_user_files/ipstatic -lib_map_path [list {modelsim=D:/Vivado_learning/MIPS_MCU_v3.0/MIPS_MCU_v3.0.cache/compile_simlib/modelsim} {questa=D:/Vivado_learning/MIPS_MCU_v3.0/MIPS_MCU_v3.0.cache/compile_simlib/questa} {riviera=D:/Vivado_learning/MIPS_MCU_v3.0/MIPS_MCU_v3.0.cache/compile_simlib/riviera} {activehdl=D:/Vivado_learning/MIPS_MCU_v3.0/MIPS_MCU_v3.0.cache/compile_simlib/activehdl}] -use_ip_compiled_libs -force -quiet
WARNING: [IP_Flow 19-4067] Ignoring invalid widget type specified checkbox.Providing a default widget
WARNING: [IP_Flow 19-4067] Ignoring invalid widget type specified checkbox.Providing a default widget
create_ip -name blk_mem_gen -vendor xilinx.com -library ip -version 8.4 -module_name blk_mem_shared_5 -dir d:/Vivado_learning/MIPS_MCU_v3.0/MIPS_MCU_v3.0.srcs/sources_1/ip
set_property -dict [list CONFIG.Component_Name {blk_mem_shared_5}] [get_ips blk_mem_shared_5]
WARNING: [Vivado 12-3523] Attempt to change 'Component_Name' from 'blk_mem_shared_5' to 'blk_mem_shared_5' is not allowed and is ignored.
generate_target {instantiation_template} [get_files d:/Vivado_learning/MIPS_MCU_v3.0/MIPS_MCU_v3.0.srcs/sources_1/ip/blk_mem_shared_5/blk_mem_shared_5.xci]
INFO: [IP_Flow 19-1686] Generating 'Instantiation Template' target for IP 'blk_mem_shared_5'...
update_compile_order -fileset sources_1
generate_target all [get_files  d:/Vivado_learning/MIPS_MCU_v3.0/MIPS_MCU_v3.0.srcs/sources_1/ip/blk_mem_shared_5/blk_mem_shared_5.xci]
INFO: [IP_Flow 19-1686] Generating 'Synthesis' target for IP 'blk_mem_shared_5'...
INFO: [IP_Flow 19-1686] Generating 'Simulation' target for IP 'blk_mem_shared_5'...
INFO: [IP_Flow 19-1686] Generating 'Miscellaneous' target for IP 'blk_mem_shared_5'...
INFO: [IP_Flow 19-1686] Generating 'Change Log' target for IP 'blk_mem_shared_5'...
catch { config_ip_cache -export [get_ips -all blk_mem_shared_5] }
export_ip_user_files -of_objects [get_files d:/Vivado_learning/MIPS_MCU_v3.0/MIPS_MCU_v3.0.srcs/sources_1/ip/blk_mem_shared_5/blk_mem_shared_5.xci] -no_script -sync -force -quiet
create_ip_run [get_files -of_objects [get_fileset sources_1] d:/Vivado_learning/MIPS_MCU_v3.0/MIPS_MCU_v3.0.srcs/sources_1/ip/blk_mem_shared_5/blk_mem_shared_5.xci]
launch_runs -jobs 12 blk_mem_shared_5_synth_1
[Fri Jul  5 13:28:01 2019] Launched blk_mem_shared_5_synth_1...
Run output will be captured here: D:/Vivado_learning/MIPS_MCU_v3.0/MIPS_MCU_v3.0.runs/blk_mem_shared_5_synth_1/runme.log
export_simulation -of_objects [get_files d:/Vivado_learning/MIPS_MCU_v3.0/MIPS_MCU_v3.0.srcs/sources_1/ip/blk_mem_shared_5/blk_mem_shared_5.xci] -directory D:/Vivado_learning/MIPS_MCU_v3.0/MIPS_MCU_v3.0.ip_user_files/sim_scripts -ip_user_files_dir D:/Vivado_learning/MIPS_MCU_v3.0/MIPS_MCU_v3.0.ip_user_files -ipstatic_source_dir D:/Vivado_learning/MIPS_MCU_v3.0/MIPS_MCU_v3.0.ip_user_files/ipstatic -lib_map_path [list {modelsim=D:/Vivado_learning/MIPS_MCU_v3.0/MIPS_MCU_v3.0.cache/compile_simlib/modelsim} {questa=D:/Vivado_learning/MIPS_MCU_v3.0/MIPS_MCU_v3.0.cache/compile_simlib/questa} {riviera=D:/Vivado_learning/MIPS_MCU_v3.0/MIPS_MCU_v3.0.cache/compile_simlib/riviera} {activehdl=D:/Vivado_learning/MIPS_MCU_v3.0/MIPS_MCU_v3.0.cache/compile_simlib/activehdl}] -use_ip_compiled_libs -force -quiet
WARNING: [IP_Flow 19-4067] Ignoring invalid widget type specified checkbox.Providing a default widget
WARNING: [IP_Flow 19-4067] Ignoring invalid widget type specified checkbox.Providing a default widget
create_ip -name blk_mem_gen -vendor xilinx.com -library ip -version 8.4 -module_name blk_mem_shared_6 -dir d:/Vivado_learning/MIPS_MCU_v3.0/MIPS_MCU_v3.0.srcs/sources_1/ip
set_property -dict [list CONFIG.Component_Name {blk_mem_shared_6}] [get_ips blk_mem_shared_6]
WARNING: [Vivado 12-3523] Attempt to change 'Component_Name' from 'blk_mem_shared_6' to 'blk_mem_shared_6' is not allowed and is ignored.
generate_target {instantiation_template} [get_files d:/Vivado_learning/MIPS_MCU_v3.0/MIPS_MCU_v3.0.srcs/sources_1/ip/blk_mem_shared_6/blk_mem_shared_6.xci]
INFO: [IP_Flow 19-1686] Generating 'Instantiation Template' target for IP 'blk_mem_shared_6'...
update_compile_order -fileset sources_1
generate_target all [get_files  d:/Vivado_learning/MIPS_MCU_v3.0/MIPS_MCU_v3.0.srcs/sources_1/ip/blk_mem_shared_6/blk_mem_shared_6.xci]
INFO: [IP_Flow 19-1686] Generating 'Synthesis' target for IP 'blk_mem_shared_6'...
INFO: [IP_Flow 19-1686] Generating 'Simulation' target for IP 'blk_mem_shared_6'...
INFO: [IP_Flow 19-1686] Generating 'Miscellaneous' target for IP 'blk_mem_shared_6'...
INFO: [IP_Flow 19-1686] Generating 'Change Log' target for IP 'blk_mem_shared_6'...
catch { config_ip_cache -export [get_ips -all blk_mem_shared_6] }
INFO: [IP_Flow 19-4993] Using cached IP synthesis design for IP blk_mem_shared_6, cache-ID = 993bcf472eab6a6c; cache size = 8.320 MB.
export_ip_user_files -of_objects [get_files d:/Vivado_learning/MIPS_MCU_v3.0/MIPS_MCU_v3.0.srcs/sources_1/ip/blk_mem_shared_6/blk_mem_shared_6.xci] -no_script -sync -force -quiet
create_ip_run [get_files -of_objects [get_fileset sources_1] d:/Vivado_learning/MIPS_MCU_v3.0/MIPS_MCU_v3.0.srcs/sources_1/ip/blk_mem_shared_6/blk_mem_shared_6.xci]
INFO: [Vivado 12-3453] The given sub-design is up-to-date, no action was taken.  If a run is still desired, use the '-force' option for the file:'d:/Vivado_learning/MIPS_MCU_v3.0/MIPS_MCU_v3.0.srcs/sources_1/ip/blk_mem_shared_6/blk_mem_shared_6.xci'
export_simulation -of_objects [get_files d:/Vivado_learning/MIPS_MCU_v3.0/MIPS_MCU_v3.0.srcs/sources_1/ip/blk_mem_shared_6/blk_mem_shared_6.xci] -directory D:/Vivado_learning/MIPS_MCU_v3.0/MIPS_MCU_v3.0.ip_user_files/sim_scripts -ip_user_files_dir D:/Vivado_learning/MIPS_MCU_v3.0/MIPS_MCU_v3.0.ip_user_files -ipstatic_source_dir D:/Vivado_learning/MIPS_MCU_v3.0/MIPS_MCU_v3.0.ip_user_files/ipstatic -lib_map_path [list {modelsim=D:/Vivado_learning/MIPS_MCU_v3.0/MIPS_MCU_v3.0.cache/compile_simlib/modelsim} {questa=D:/Vivado_learning/MIPS_MCU_v3.0/MIPS_MCU_v3.0.cache/compile_simlib/questa} {riviera=D:/Vivado_learning/MIPS_MCU_v3.0/MIPS_MCU_v3.0.cache/compile_simlib/riviera} {activehdl=D:/Vivado_learning/MIPS_MCU_v3.0/MIPS_MCU_v3.0.cache/compile_simlib/activehdl}] -use_ip_compiled_libs -force -quiet
WARNING: [IP_Flow 19-4067] Ignoring invalid widget type specified checkbox.Providing a default widget
WARNING: [IP_Flow 19-4067] Ignoring invalid widget type specified checkbox.Providing a default widget
create_ip -name blk_mem_gen -vendor xilinx.com -library ip -version 8.4 -module_name blk_mem_only_1 -dir d:/Vivado_learning/MIPS_MCU_v3.0/MIPS_MCU_v3.0.srcs/sources_1/ip
set_property -dict [list CONFIG.Component_Name {blk_mem_only_1}] [get_ips blk_mem_only_1]
WARNING: [Vivado 12-3523] Attempt to change 'Component_Name' from 'blk_mem_only_1' to 'blk_mem_only_1' is not allowed and is ignored.
generate_target {instantiation_template} [get_files d:/Vivado_learning/MIPS_MCU_v3.0/MIPS_MCU_v3.0.srcs/sources_1/ip/blk_mem_only_1/blk_mem_only_1.xci]
INFO: [IP_Flow 19-1686] Generating 'Instantiation Template' target for IP 'blk_mem_only_1'...
generate_target all [get_files  d:/Vivado_learning/MIPS_MCU_v3.0/MIPS_MCU_v3.0.srcs/sources_1/ip/blk_mem_only_1/blk_mem_only_1.xci]
INFO: [IP_Flow 19-1686] Generating 'Synthesis' target for IP 'blk_mem_only_1'...
INFO: [IP_Flow 19-1686] Generating 'Simulation' target for IP 'blk_mem_only_1'...
INFO: [IP_Flow 19-1686] Generating 'Miscellaneous' target for IP 'blk_mem_only_1'...
INFO: [IP_Flow 19-1686] Generating 'Change Log' target for IP 'blk_mem_only_1'...
catch { config_ip_cache -export [get_ips -all blk_mem_only_1] }
INFO: [IP_Flow 19-4993] Using cached IP synthesis design for IP blk_mem_only_1, cache-ID = 993bcf472eab6a6c; cache size = 8.320 MB.
export_ip_user_files -of_objects [get_files d:/Vivado_learning/MIPS_MCU_v3.0/MIPS_MCU_v3.0.srcs/sources_1/ip/blk_mem_only_1/blk_mem_only_1.xci] -no_script -sync -force -quiet
create_ip_run [get_files -of_objects [get_fileset sources_1] d:/Vivado_learning/MIPS_MCU_v3.0/MIPS_MCU_v3.0.srcs/sources_1/ip/blk_mem_only_1/blk_mem_only_1.xci]
INFO: [Vivado 12-3453] The given sub-design is up-to-date, no action was taken.  If a run is still desired, use the '-force' option for the file:'d:/Vivado_learning/MIPS_MCU_v3.0/MIPS_MCU_v3.0.srcs/sources_1/ip/blk_mem_only_1/blk_mem_only_1.xci'
export_simulation -of_objects [get_files d:/Vivado_learning/MIPS_MCU_v3.0/MIPS_MCU_v3.0.srcs/sources_1/ip/blk_mem_only_1/blk_mem_only_1.xci] -directory D:/Vivado_learning/MIPS_MCU_v3.0/MIPS_MCU_v3.0.ip_user_files/sim_scripts -ip_user_files_dir D:/Vivado_learning/MIPS_MCU_v3.0/MIPS_MCU_v3.0.ip_user_files -ipstatic_source_dir D:/Vivado_learning/MIPS_MCU_v3.0/MIPS_MCU_v3.0.ip_user_files/ipstatic -lib_map_path [list {modelsim=D:/Vivado_learning/MIPS_MCU_v3.0/MIPS_MCU_v3.0.cache/compile_simlib/modelsim} {questa=D:/Vivado_learning/MIPS_MCU_v3.0/MIPS_MCU_v3.0.cache/compile_simlib/questa} {riviera=D:/Vivado_learning/MIPS_MCU_v3.0/MIPS_MCU_v3.0.cache/compile_simlib/riviera} {activehdl=D:/Vivado_learning/MIPS_MCU_v3.0/MIPS_MCU_v3.0.cache/compile_simlib/activehdl}] -use_ip_compiled_libs -force -quiet
WARNING: [IP_Flow 19-4067] Ignoring invalid widget type specified checkbox.Providing a default widget
WARNING: [IP_Flow 19-4067] Ignoring invalid widget type specified checkbox.Providing a default widget
create_ip -name blk_mem_gen -vendor xilinx.com -library ip -version 8.4 -module_name blk_mem_only_2 -dir d:/Vivado_learning/MIPS_MCU_v3.0/MIPS_MCU_v3.0.srcs/sources_1/ip
set_property -dict [list CONFIG.Component_Name {blk_mem_only_2}] [get_ips blk_mem_only_2]
WARNING: [Vivado 12-3523] Attempt to change 'Component_Name' from 'blk_mem_only_2' to 'blk_mem_only_2' is not allowed and is ignored.
generate_target {instantiation_template} [get_files d:/Vivado_learning/MIPS_MCU_v3.0/MIPS_MCU_v3.0.srcs/sources_1/ip/blk_mem_only_2/blk_mem_only_2.xci]
INFO: [IP_Flow 19-1686] Generating 'Instantiation Template' target for IP 'blk_mem_only_2'...
generate_target all [get_files  d:/Vivado_learning/MIPS_MCU_v3.0/MIPS_MCU_v3.0.srcs/sources_1/ip/blk_mem_only_2/blk_mem_only_2.xci]
INFO: [IP_Flow 19-1686] Generating 'Synthesis' target for IP 'blk_mem_only_2'...
INFO: [IP_Flow 19-1686] Generating 'Simulation' target for IP 'blk_mem_only_2'...
INFO: [IP_Flow 19-1686] Generating 'Miscellaneous' target for IP 'blk_mem_only_2'...
INFO: [IP_Flow 19-1686] Generating 'Change Log' target for IP 'blk_mem_only_2'...
catch { config_ip_cache -export [get_ips -all blk_mem_only_2] }
INFO: [IP_Flow 19-4993] Using cached IP synthesis design for IP blk_mem_only_2, cache-ID = 993bcf472eab6a6c; cache size = 8.320 MB.
export_ip_user_files -of_objects [get_files d:/Vivado_learning/MIPS_MCU_v3.0/MIPS_MCU_v3.0.srcs/sources_1/ip/blk_mem_only_2/blk_mem_only_2.xci] -no_script -sync -force -quiet
create_ip_run [get_files -of_objects [get_fileset sources_1] d:/Vivado_learning/MIPS_MCU_v3.0/MIPS_MCU_v3.0.srcs/sources_1/ip/blk_mem_only_2/blk_mem_only_2.xci]
INFO: [Vivado 12-3453] The given sub-design is up-to-date, no action was taken.  If a run is still desired, use the '-force' option for the file:'d:/Vivado_learning/MIPS_MCU_v3.0/MIPS_MCU_v3.0.srcs/sources_1/ip/blk_mem_only_2/blk_mem_only_2.xci'
export_simulation -of_objects [get_files d:/Vivado_learning/MIPS_MCU_v3.0/MIPS_MCU_v3.0.srcs/sources_1/ip/blk_mem_only_2/blk_mem_only_2.xci] -directory D:/Vivado_learning/MIPS_MCU_v3.0/MIPS_MCU_v3.0.ip_user_files/sim_scripts -ip_user_files_dir D:/Vivado_learning/MIPS_MCU_v3.0/MIPS_MCU_v3.0.ip_user_files -ipstatic_source_dir D:/Vivado_learning/MIPS_MCU_v3.0/MIPS_MCU_v3.0.ip_user_files/ipstatic -lib_map_path [list {modelsim=D:/Vivado_learning/MIPS_MCU_v3.0/MIPS_MCU_v3.0.cache/compile_simlib/modelsim} {questa=D:/Vivado_learning/MIPS_MCU_v3.0/MIPS_MCU_v3.0.cache/compile_simlib/questa} {riviera=D:/Vivado_learning/MIPS_MCU_v3.0/MIPS_MCU_v3.0.cache/compile_simlib/riviera} {activehdl=D:/Vivado_learning/MIPS_MCU_v3.0/MIPS_MCU_v3.0.cache/compile_simlib/activehdl}] -use_ip_compiled_libs -force -quiet
WARNING: [IP_Flow 19-4067] Ignoring invalid widget type specified checkbox.Providing a default widget
WARNING: [IP_Flow 19-4067] Ignoring invalid widget type specified checkbox.Providing a default widget
create_ip -name blk_mem_gen -vendor xilinx.com -library ip -version 8.4 -module_name blk_mem_only_7 -dir d:/Vivado_learning/MIPS_MCU_v3.0/MIPS_MCU_v3.0.srcs/sources_1/ip
set_property -dict [list CONFIG.Component_Name {blk_mem_only_7}] [get_ips blk_mem_only_7]
WARNING: [Vivado 12-3523] Attempt to change 'Component_Name' from 'blk_mem_only_7' to 'blk_mem_only_7' is not allowed and is ignored.
generate_target {instantiation_template} [get_files d:/Vivado_learning/MIPS_MCU_v3.0/MIPS_MCU_v3.0.srcs/sources_1/ip/blk_mem_only_7/blk_mem_only_7.xci]
INFO: [IP_Flow 19-1686] Generating 'Instantiation Template' target for IP 'blk_mem_only_7'...
generate_target all [get_files  d:/Vivado_learning/MIPS_MCU_v3.0/MIPS_MCU_v3.0.srcs/sources_1/ip/blk_mem_only_7/blk_mem_only_7.xci]
INFO: [IP_Flow 19-1686] Generating 'Synthesis' target for IP 'blk_mem_only_7'...
INFO: [IP_Flow 19-1686] Generating 'Simulation' target for IP 'blk_mem_only_7'...
INFO: [IP_Flow 19-1686] Generating 'Miscellaneous' target for IP 'blk_mem_only_7'...
INFO: [IP_Flow 19-1686] Generating 'Change Log' target for IP 'blk_mem_only_7'...
catch { config_ip_cache -export [get_ips -all blk_mem_only_7] }
INFO: [IP_Flow 19-4993] Using cached IP synthesis design for IP blk_mem_only_7, cache-ID = 993bcf472eab6a6c; cache size = 8.320 MB.
export_ip_user_files -of_objects [get_files d:/Vivado_learning/MIPS_MCU_v3.0/MIPS_MCU_v3.0.srcs/sources_1/ip/blk_mem_only_7/blk_mem_only_7.xci] -no_script -sync -force -quiet
create_ip_run [get_files -of_objects [get_fileset sources_1] d:/Vivado_learning/MIPS_MCU_v3.0/MIPS_MCU_v3.0.srcs/sources_1/ip/blk_mem_only_7/blk_mem_only_7.xci]
INFO: [Vivado 12-3453] The given sub-design is up-to-date, no action was taken.  If a run is still desired, use the '-force' option for the file:'d:/Vivado_learning/MIPS_MCU_v3.0/MIPS_MCU_v3.0.srcs/sources_1/ip/blk_mem_only_7/blk_mem_only_7.xci'
export_simulation -of_objects [get_files d:/Vivado_learning/MIPS_MCU_v3.0/MIPS_MCU_v3.0.srcs/sources_1/ip/blk_mem_only_7/blk_mem_only_7.xci] -directory D:/Vivado_learning/MIPS_MCU_v3.0/MIPS_MCU_v3.0.ip_user_files/sim_scripts -ip_user_files_dir D:/Vivado_learning/MIPS_MCU_v3.0/MIPS_MCU_v3.0.ip_user_files -ipstatic_source_dir D:/Vivado_learning/MIPS_MCU_v3.0/MIPS_MCU_v3.0.ip_user_files/ipstatic -lib_map_path [list {modelsim=D:/Vivado_learning/MIPS_MCU_v3.0/MIPS_MCU_v3.0.cache/compile_simlib/modelsim} {questa=D:/Vivado_learning/MIPS_MCU_v3.0/MIPS_MCU_v3.0.cache/compile_simlib/questa} {riviera=D:/Vivado_learning/MIPS_MCU_v3.0/MIPS_MCU_v3.0.cache/compile_simlib/riviera} {activehdl=D:/Vivado_learning/MIPS_MCU_v3.0/MIPS_MCU_v3.0.cache/compile_simlib/activehdl}] -use_ip_compiled_libs -force -quiet
WARNING: [IP_Flow 19-4067] Ignoring invalid widget type specified checkbox.Providing a default widget
WARNING: [IP_Flow 19-4067] Ignoring invalid widget type specified checkbox.Providing a default widget
create_ip -name blk_mem_gen -vendor xilinx.com -library ip -version 8.4 -module_name blk_mem_only_8 -dir d:/Vivado_learning/MIPS_MCU_v3.0/MIPS_MCU_v3.0.srcs/sources_1/ip
set_property -dict [list CONFIG.Component_Name {blk_mem_only_8}] [get_ips blk_mem_only_8]
WARNING: [Vivado 12-3523] Attempt to change 'Component_Name' from 'blk_mem_only_8' to 'blk_mem_only_8' is not allowed and is ignored.
generate_target {instantiation_template} [get_files d:/Vivado_learning/MIPS_MCU_v3.0/MIPS_MCU_v3.0.srcs/sources_1/ip/blk_mem_only_8/blk_mem_only_8.xci]
INFO: [IP_Flow 19-1686] Generating 'Instantiation Template' target for IP 'blk_mem_only_8'...
generate_target all [get_files  d:/Vivado_learning/MIPS_MCU_v3.0/MIPS_MCU_v3.0.srcs/sources_1/ip/blk_mem_only_8/blk_mem_only_8.xci]
INFO: [IP_Flow 19-1686] Generating 'Synthesis' target for IP 'blk_mem_only_8'...
INFO: [IP_Flow 19-1686] Generating 'Simulation' target for IP 'blk_mem_only_8'...
INFO: [IP_Flow 19-1686] Generating 'Miscellaneous' target for IP 'blk_mem_only_8'...
INFO: [IP_Flow 19-1686] Generating 'Change Log' target for IP 'blk_mem_only_8'...
catch { config_ip_cache -export [get_ips -all blk_mem_only_8] }
INFO: [IP_Flow 19-4993] Using cached IP synthesis design for IP blk_mem_only_8, cache-ID = 993bcf472eab6a6c; cache size = 8.320 MB.
export_ip_user_files -of_objects [get_files d:/Vivado_learning/MIPS_MCU_v3.0/MIPS_MCU_v3.0.srcs/sources_1/ip/blk_mem_only_8/blk_mem_only_8.xci] -no_script -sync -force -quiet
create_ip_run [get_files -of_objects [get_fileset sources_1] d:/Vivado_learning/MIPS_MCU_v3.0/MIPS_MCU_v3.0.srcs/sources_1/ip/blk_mem_only_8/blk_mem_only_8.xci]
INFO: [Vivado 12-3453] The given sub-design is up-to-date, no action was taken.  If a run is still desired, use the '-force' option for the file:'d:/Vivado_learning/MIPS_MCU_v3.0/MIPS_MCU_v3.0.srcs/sources_1/ip/blk_mem_only_8/blk_mem_only_8.xci'
export_simulation -of_objects [get_files d:/Vivado_learning/MIPS_MCU_v3.0/MIPS_MCU_v3.0.srcs/sources_1/ip/blk_mem_only_8/blk_mem_only_8.xci] -directory D:/Vivado_learning/MIPS_MCU_v3.0/MIPS_MCU_v3.0.ip_user_files/sim_scripts -ip_user_files_dir D:/Vivado_learning/MIPS_MCU_v3.0/MIPS_MCU_v3.0.ip_user_files -ipstatic_source_dir D:/Vivado_learning/MIPS_MCU_v3.0/MIPS_MCU_v3.0.ip_user_files/ipstatic -lib_map_path [list {modelsim=D:/Vivado_learning/MIPS_MCU_v3.0/MIPS_MCU_v3.0.cache/compile_simlib/modelsim} {questa=D:/Vivado_learning/MIPS_MCU_v3.0/MIPS_MCU_v3.0.cache/compile_simlib/questa} {riviera=D:/Vivado_learning/MIPS_MCU_v3.0/MIPS_MCU_v3.0.cache/compile_simlib/riviera} {activehdl=D:/Vivado_learning/MIPS_MCU_v3.0/MIPS_MCU_v3.0.cache/compile_simlib/activehdl}] -use_ip_compiled_libs -force -quiet
update_compile_order -fileset sources_1
WARNING: [IP_Flow 19-4067] Ignoring invalid widget type specified checkbox.Providing a default widget
WARNING: [IP_Flow 19-4067] Ignoring invalid widget type specified checkbox.Providing a default widget
set_property -dict [list CONFIG.Memory_Type {Simple_Dual_Port_RAM} CONFIG.Write_Width_A {32} CONFIG.Write_Depth_A {8} CONFIG.Read_Width_A {32} CONFIG.Operating_Mode_A {NO_CHANGE} CONFIG.Write_Width_B {32} CONFIG.Read_Width_B {32} CONFIG.Enable_B {Use_ENB_Pin} CONFIG.Register_PortA_Output_of_Memory_Primitives {false} CONFIG.Register_PortB_Output_of_Memory_Primitives {false} CONFIG.Port_A_Write_Rate {50} CONFIG.Port_B_Clock {100} CONFIG.Port_B_Write_Rate {0} CONFIG.Port_B_Enable_Rate {100}] [get_ips blk_mem_only_1]
generate_target all [get_files  d:/Vivado_learning/MIPS_MCU_v3.0/MIPS_MCU_v3.0.srcs/sources_1/ip/blk_mem_only_1/blk_mem_only_1.xci]
INFO: [IP_Flow 19-1686] Generating 'Instantiation Template' target for IP 'blk_mem_only_1'...
INFO: [IP_Flow 19-1686] Generating 'Synthesis' target for IP 'blk_mem_only_1'...
INFO: [IP_Flow 19-1686] Generating 'Simulation' target for IP 'blk_mem_only_1'...
INFO: [IP_Flow 19-1686] Generating 'Miscellaneous' target for IP 'blk_mem_only_1'...
INFO: [IP_Flow 19-1686] Generating 'Change Log' target for IP 'blk_mem_only_1'...
catch { config_ip_cache -export [get_ips -all blk_mem_only_1] }
export_ip_user_files -of_objects [get_files d:/Vivado_learning/MIPS_MCU_v3.0/MIPS_MCU_v3.0.srcs/sources_1/ip/blk_mem_only_1/blk_mem_only_1.xci] -no_script -sync -force -quiet
create_ip_run [get_files -of_objects [get_fileset sources_1] d:/Vivado_learning/MIPS_MCU_v3.0/MIPS_MCU_v3.0.srcs/sources_1/ip/blk_mem_only_1/blk_mem_only_1.xci]
launch_runs -jobs 12 blk_mem_only_1_synth_1
[Fri Jul  5 13:37:37 2019] Launched blk_mem_only_1_synth_1...
Run output will be captured here: D:/Vivado_learning/MIPS_MCU_v3.0/MIPS_MCU_v3.0.runs/blk_mem_only_1_synth_1/runme.log
export_simulation -of_objects [get_files d:/Vivado_learning/MIPS_MCU_v3.0/MIPS_MCU_v3.0.srcs/sources_1/ip/blk_mem_only_1/blk_mem_only_1.xci] -directory D:/Vivado_learning/MIPS_MCU_v3.0/MIPS_MCU_v3.0.ip_user_files/sim_scripts -ip_user_files_dir D:/Vivado_learning/MIPS_MCU_v3.0/MIPS_MCU_v3.0.ip_user_files -ipstatic_source_dir D:/Vivado_learning/MIPS_MCU_v3.0/MIPS_MCU_v3.0.ip_user_files/ipstatic -lib_map_path [list {modelsim=D:/Vivado_learning/MIPS_MCU_v3.0/MIPS_MCU_v3.0.cache/compile_simlib/modelsim} {questa=D:/Vivado_learning/MIPS_MCU_v3.0/MIPS_MCU_v3.0.cache/compile_simlib/questa} {riviera=D:/Vivado_learning/MIPS_MCU_v3.0/MIPS_MCU_v3.0.cache/compile_simlib/riviera} {activehdl=D:/Vivado_learning/MIPS_MCU_v3.0/MIPS_MCU_v3.0.cache/compile_simlib/activehdl}] -use_ip_compiled_libs -force -quiet
WARNING: [IP_Flow 19-4067] Ignoring invalid widget type specified checkbox.Providing a default widget
WARNING: [IP_Flow 19-4067] Ignoring invalid widget type specified checkbox.Providing a default widget
set_property -dict [list CONFIG.Memory_Type {Simple_Dual_Port_RAM} CONFIG.Write_Width_A {32} CONFIG.Write_Depth_A {8} CONFIG.Read_Width_A {32} CONFIG.Operating_Mode_A {WRITE_FIRST} CONFIG.Write_Width_B {32} CONFIG.Read_Width_B {32} CONFIG.Enable_B {Use_ENB_Pin} CONFIG.Register_PortA_Output_of_Memory_Primitives {false} CONFIG.Register_PortB_Output_of_Memory_Primitives {false} CONFIG.Port_B_Clock {100} CONFIG.Port_B_Enable_Rate {100}] [get_ips blk_mem_only_2]
generate_target all [get_files  d:/Vivado_learning/MIPS_MCU_v3.0/MIPS_MCU_v3.0.srcs/sources_1/ip/blk_mem_only_2/blk_mem_only_2.xci]
INFO: [IP_Flow 19-1686] Generating 'Instantiation Template' target for IP 'blk_mem_only_2'...
INFO: [IP_Flow 19-1686] Generating 'Synthesis' target for IP 'blk_mem_only_2'...
INFO: [IP_Flow 19-1686] Generating 'Simulation' target for IP 'blk_mem_only_2'...
INFO: [IP_Flow 19-1686] Generating 'Miscellaneous' target for IP 'blk_mem_only_2'...
INFO: [IP_Flow 19-1686] Generating 'Change Log' target for IP 'blk_mem_only_2'...
catch { config_ip_cache -export [get_ips -all blk_mem_only_2] }
export_ip_user_files -of_objects [get_files d:/Vivado_learning/MIPS_MCU_v3.0/MIPS_MCU_v3.0.srcs/sources_1/ip/blk_mem_only_2/blk_mem_only_2.xci] -no_script -sync -force -quiet
create_ip_run [get_files -of_objects [get_fileset sources_1] d:/Vivado_learning/MIPS_MCU_v3.0/MIPS_MCU_v3.0.srcs/sources_1/ip/blk_mem_only_2/blk_mem_only_2.xci]
launch_runs -jobs 12 blk_mem_only_2_synth_1
[Fri Jul  5 13:38:22 2019] Launched blk_mem_only_2_synth_1...
Run output will be captured here: D:/Vivado_learning/MIPS_MCU_v3.0/MIPS_MCU_v3.0.runs/blk_mem_only_2_synth_1/runme.log
export_simulation -of_objects [get_files d:/Vivado_learning/MIPS_MCU_v3.0/MIPS_MCU_v3.0.srcs/sources_1/ip/blk_mem_only_2/blk_mem_only_2.xci] -directory D:/Vivado_learning/MIPS_MCU_v3.0/MIPS_MCU_v3.0.ip_user_files/sim_scripts -ip_user_files_dir D:/Vivado_learning/MIPS_MCU_v3.0/MIPS_MCU_v3.0.ip_user_files -ipstatic_source_dir D:/Vivado_learning/MIPS_MCU_v3.0/MIPS_MCU_v3.0.ip_user_files/ipstatic -lib_map_path [list {modelsim=D:/Vivado_learning/MIPS_MCU_v3.0/MIPS_MCU_v3.0.cache/compile_simlib/modelsim} {questa=D:/Vivado_learning/MIPS_MCU_v3.0/MIPS_MCU_v3.0.cache/compile_simlib/questa} {riviera=D:/Vivado_learning/MIPS_MCU_v3.0/MIPS_MCU_v3.0.cache/compile_simlib/riviera} {activehdl=D:/Vivado_learning/MIPS_MCU_v3.0/MIPS_MCU_v3.0.cache/compile_simlib/activehdl}] -use_ip_compiled_libs -force -quiet
WARNING: [IP_Flow 19-4067] Ignoring invalid widget type specified checkbox.Providing a default widget
WARNING: [IP_Flow 19-4067] Ignoring invalid widget type specified checkbox.Providing a default widget
set_property -dict [list CONFIG.Memory_Type {Simple_Dual_Port_RAM} CONFIG.Write_Width_A {32} CONFIG.Write_Depth_A {8} CONFIG.Read_Width_A {32} CONFIG.Operating_Mode_A {WRITE_FIRST} CONFIG.Write_Width_B {32} CONFIG.Read_Width_B {32} CONFIG.Enable_B {Use_ENB_Pin} CONFIG.Register_PortA_Output_of_Memory_Primitives {false} CONFIG.Register_PortB_Output_of_Memory_Primitives {false} CONFIG.Port_B_Clock {100} CONFIG.Port_B_Enable_Rate {100}] [get_ips blk_mem_only_7]
generate_target all [get_files  d:/Vivado_learning/MIPS_MCU_v3.0/MIPS_MCU_v3.0.srcs/sources_1/ip/blk_mem_only_7/blk_mem_only_7.xci]
INFO: [IP_Flow 19-1686] Generating 'Instantiation Template' target for IP 'blk_mem_only_7'...
INFO: [IP_Flow 19-1686] Generating 'Synthesis' target for IP 'blk_mem_only_7'...
INFO: [IP_Flow 19-1686] Generating 'Simulation' target for IP 'blk_mem_only_7'...
INFO: [IP_Flow 19-1686] Generating 'Miscellaneous' target for IP 'blk_mem_only_7'...
INFO: [IP_Flow 19-1686] Generating 'Change Log' target for IP 'blk_mem_only_7'...
catch { config_ip_cache -export [get_ips -all blk_mem_only_7] }
export_ip_user_files -of_objects [get_files d:/Vivado_learning/MIPS_MCU_v3.0/MIPS_MCU_v3.0.srcs/sources_1/ip/blk_mem_only_7/blk_mem_only_7.xci] -no_script -sync -force -quiet
create_ip_run [get_files -of_objects [get_fileset sources_1] d:/Vivado_learning/MIPS_MCU_v3.0/MIPS_MCU_v3.0.srcs/sources_1/ip/blk_mem_only_7/blk_mem_only_7.xci]
launch_runs -jobs 12 blk_mem_only_7_synth_1
[Fri Jul  5 13:39:03 2019] Launched blk_mem_only_7_synth_1...
Run output will be captured here: D:/Vivado_learning/MIPS_MCU_v3.0/MIPS_MCU_v3.0.runs/blk_mem_only_7_synth_1/runme.log
export_simulation -of_objects [get_files d:/Vivado_learning/MIPS_MCU_v3.0/MIPS_MCU_v3.0.srcs/sources_1/ip/blk_mem_only_7/blk_mem_only_7.xci] -directory D:/Vivado_learning/MIPS_MCU_v3.0/MIPS_MCU_v3.0.ip_user_files/sim_scripts -ip_user_files_dir D:/Vivado_learning/MIPS_MCU_v3.0/MIPS_MCU_v3.0.ip_user_files -ipstatic_source_dir D:/Vivado_learning/MIPS_MCU_v3.0/MIPS_MCU_v3.0.ip_user_files/ipstatic -lib_map_path [list {modelsim=D:/Vivado_learning/MIPS_MCU_v3.0/MIPS_MCU_v3.0.cache/compile_simlib/modelsim} {questa=D:/Vivado_learning/MIPS_MCU_v3.0/MIPS_MCU_v3.0.cache/compile_simlib/questa} {riviera=D:/Vivado_learning/MIPS_MCU_v3.0/MIPS_MCU_v3.0.cache/compile_simlib/riviera} {activehdl=D:/Vivado_learning/MIPS_MCU_v3.0/MIPS_MCU_v3.0.cache/compile_simlib/activehdl}] -use_ip_compiled_libs -force -quiet
WARNING: [IP_Flow 19-4067] Ignoring invalid widget type specified checkbox.Providing a default widget
WARNING: [IP_Flow 19-4067] Ignoring invalid widget type specified checkbox.Providing a default widget
set_property -dict [list CONFIG.Memory_Type {Simple_Dual_Port_RAM} CONFIG.Write_Width_A {32} CONFIG.Write_Depth_A {8} CONFIG.Read_Width_A {32} CONFIG.Operating_Mode_A {NO_CHANGE} CONFIG.Write_Width_B {32} CONFIG.Read_Width_B {32} CONFIG.Enable_B {Use_ENB_Pin} CONFIG.Register_PortA_Output_of_Memory_Primitives {false} CONFIG.Register_PortB_Output_of_Memory_Primitives {false} CONFIG.Port_A_Write_Rate {50} CONFIG.Port_B_Clock {100} CONFIG.Port_B_Enable_Rate {100}] [get_ips blk_mem_only_8]
generate_target all [get_files  d:/Vivado_learning/MIPS_MCU_v3.0/MIPS_MCU_v3.0.srcs/sources_1/ip/blk_mem_only_8/blk_mem_only_8.xci]
INFO: [IP_Flow 19-1686] Generating 'Instantiation Template' target for IP 'blk_mem_only_8'...
INFO: [IP_Flow 19-1686] Generating 'Synthesis' target for IP 'blk_mem_only_8'...
INFO: [IP_Flow 19-1686] Generating 'Simulation' target for IP 'blk_mem_only_8'...
INFO: [IP_Flow 19-1686] Generating 'Miscellaneous' target for IP 'blk_mem_only_8'...
INFO: [IP_Flow 19-1686] Generating 'Change Log' target for IP 'blk_mem_only_8'...
catch { config_ip_cache -export [get_ips -all blk_mem_only_8] }
INFO: [IP_Flow 19-4993] Using cached IP synthesis design for IP blk_mem_only_8, cache-ID = b3e4ac8cfa96feb3; cache size = 8.443 MB.
export_ip_user_files -of_objects [get_files d:/Vivado_learning/MIPS_MCU_v3.0/MIPS_MCU_v3.0.srcs/sources_1/ip/blk_mem_only_8/blk_mem_only_8.xci] -no_script -sync -force -quiet
create_ip_run [get_files -of_objects [get_fileset sources_1] d:/Vivado_learning/MIPS_MCU_v3.0/MIPS_MCU_v3.0.srcs/sources_1/ip/blk_mem_only_8/blk_mem_only_8.xci]
INFO: [Vivado 12-3453] The given sub-design is up-to-date, no action was taken.  If a run is still desired, use the '-force' option for the file:'d:/Vivado_learning/MIPS_MCU_v3.0/MIPS_MCU_v3.0.srcs/sources_1/ip/blk_mem_only_8/blk_mem_only_8.xci'
export_simulation -of_objects [get_files d:/Vivado_learning/MIPS_MCU_v3.0/MIPS_MCU_v3.0.srcs/sources_1/ip/blk_mem_only_8/blk_mem_only_8.xci] -directory D:/Vivado_learning/MIPS_MCU_v3.0/MIPS_MCU_v3.0.ip_user_files/sim_scripts -ip_user_files_dir D:/Vivado_learning/MIPS_MCU_v3.0/MIPS_MCU_v3.0.ip_user_files -ipstatic_source_dir D:/Vivado_learning/MIPS_MCU_v3.0/MIPS_MCU_v3.0.ip_user_files/ipstatic -lib_map_path [list {modelsim=D:/Vivado_learning/MIPS_MCU_v3.0/MIPS_MCU_v3.0.cache/compile_simlib/modelsim} {questa=D:/Vivado_learning/MIPS_MCU_v3.0/MIPS_MCU_v3.0.cache/compile_simlib/questa} {riviera=D:/Vivado_learning/MIPS_MCU_v3.0/MIPS_MCU_v3.0.cache/compile_simlib/riviera} {activehdl=D:/Vivado_learning/MIPS_MCU_v3.0/MIPS_MCU_v3.0.cache/compile_simlib/activehdl}] -use_ip_compiled_libs -force -quiet
WARNING: [IP_Flow 19-4067] Ignoring invalid widget type specified checkbox.Providing a default widget
WARNING: [IP_Flow 19-4067] Ignoring invalid widget type specified checkbox.Providing a default widget
set_property -dict [list CONFIG.Memory_Type {Simple_Dual_Port_RAM} CONFIG.Write_Width_A {32} CONFIG.Write_Depth_A {4} CONFIG.Read_Width_A {32} CONFIG.Operating_Mode_A {WRITE_FIRST} CONFIG.Write_Width_B {32} CONFIG.Read_Width_B {32} CONFIG.Enable_B {Use_ENB_Pin} CONFIG.Register_PortA_Output_of_Memory_Primitives {false} CONFIG.Register_PortB_Output_of_Memory_Primitives {false} CONFIG.Port_B_Clock {100} CONFIG.Port_B_Enable_Rate {100}] [get_ips blk_mem_shared_3]
generate_target all [get_files  d:/Vivado_learning/MIPS_MCU_v3.0/MIPS_MCU_v3.0.srcs/sources_1/ip/blk_mem_shared_3/blk_mem_shared_3.xci]
INFO: [IP_Flow 19-1686] Generating 'Instantiation Template' target for IP 'blk_mem_shared_3'...
INFO: [IP_Flow 19-1686] Generating 'Synthesis' target for IP 'blk_mem_shared_3'...
INFO: [IP_Flow 19-1686] Generating 'Simulation' target for IP 'blk_mem_shared_3'...
INFO: [IP_Flow 19-1686] Generating 'Miscellaneous' target for IP 'blk_mem_shared_3'...
INFO: [IP_Flow 19-1686] Generating 'Change Log' target for IP 'blk_mem_shared_3'...
catch { config_ip_cache -export [get_ips -all blk_mem_shared_3] }
export_ip_user_files -of_objects [get_files d:/Vivado_learning/MIPS_MCU_v3.0/MIPS_MCU_v3.0.srcs/sources_1/ip/blk_mem_shared_3/blk_mem_shared_3.xci] -no_script -sync -force -quiet
reset_run blk_mem_shared_3_synth_1
WARNING: [Vivado 12-1017] Problems encountered:
1. Failed to delete one or more files in run directory D:/Vivado_learning/MIPS_MCU_v3.0/MIPS_MCU_v3.0.runs/blk_mem_shared_3_synth_1

launch_runs -jobs 12 blk_mem_shared_3_synth_1
[Fri Jul  5 13:40:38 2019] Launched blk_mem_shared_3_synth_1...
Run output will be captured here: D:/Vivado_learning/MIPS_MCU_v3.0/MIPS_MCU_v3.0.runs/blk_mem_shared_3_synth_1/runme.log
export_simulation -of_objects [get_files d:/Vivado_learning/MIPS_MCU_v3.0/MIPS_MCU_v3.0.srcs/sources_1/ip/blk_mem_shared_3/blk_mem_shared_3.xci] -directory D:/Vivado_learning/MIPS_MCU_v3.0/MIPS_MCU_v3.0.ip_user_files/sim_scripts -ip_user_files_dir D:/Vivado_learning/MIPS_MCU_v3.0/MIPS_MCU_v3.0.ip_user_files -ipstatic_source_dir D:/Vivado_learning/MIPS_MCU_v3.0/MIPS_MCU_v3.0.ip_user_files/ipstatic -lib_map_path [list {modelsim=D:/Vivado_learning/MIPS_MCU_v3.0/MIPS_MCU_v3.0.cache/compile_simlib/modelsim} {questa=D:/Vivado_learning/MIPS_MCU_v3.0/MIPS_MCU_v3.0.cache/compile_simlib/questa} {riviera=D:/Vivado_learning/MIPS_MCU_v3.0/MIPS_MCU_v3.0.cache/compile_simlib/riviera} {activehdl=D:/Vivado_learning/MIPS_MCU_v3.0/MIPS_MCU_v3.0.cache/compile_simlib/activehdl}] -use_ip_compiled_libs -force -quiet
WARNING: [IP_Flow 19-4067] Ignoring invalid widget type specified checkbox.Providing a default widget
WARNING: [IP_Flow 19-4067] Ignoring invalid widget type specified checkbox.Providing a default widget
set_property -dict [list CONFIG.Memory_Type {Simple_Dual_Port_RAM} CONFIG.Write_Width_A {32} CONFIG.Write_Depth_A {4} CONFIG.Read_Width_A {32} CONFIG.Operating_Mode_A {WRITE_FIRST} CONFIG.Write_Width_B {32} CONFIG.Read_Width_B {32} CONFIG.Enable_B {Use_ENB_Pin} CONFIG.Register_PortA_Output_of_Memory_Primitives {false} CONFIG.Register_PortB_Output_of_Memory_Primitives {true} CONFIG.Port_B_Clock {100} CONFIG.Port_B_Enable_Rate {100}] [get_ips blk_mem_shared_4]
generate_target all [get_files  d:/Vivado_learning/MIPS_MCU_v3.0/MIPS_MCU_v3.0.srcs/sources_1/ip/blk_mem_shared_4/blk_mem_shared_4.xci]
INFO: [IP_Flow 19-1686] Generating 'Instantiation Template' target for IP 'blk_mem_shared_4'...
INFO: [IP_Flow 19-1686] Generating 'Synthesis' target for IP 'blk_mem_shared_4'...
INFO: [IP_Flow 19-1686] Generating 'Simulation' target for IP 'blk_mem_shared_4'...
INFO: [IP_Flow 19-1686] Generating 'Miscellaneous' target for IP 'blk_mem_shared_4'...
INFO: [IP_Flow 19-1686] Generating 'Change Log' target for IP 'blk_mem_shared_4'...
catch { config_ip_cache -export [get_ips -all blk_mem_shared_4] }
export_ip_user_files -of_objects [get_files d:/Vivado_learning/MIPS_MCU_v3.0/MIPS_MCU_v3.0.srcs/sources_1/ip/blk_mem_shared_4/blk_mem_shared_4.xci] -no_script -sync -force -quiet
reset_run blk_mem_shared_4_synth_1
WARNING: [Vivado 12-1017] Problems encountered:
1. Failed to delete one or more files in run directory D:/Vivado_learning/MIPS_MCU_v3.0/MIPS_MCU_v3.0.runs/blk_mem_shared_4_synth_1

launch_runs -jobs 12 blk_mem_shared_4_synth_1
[Fri Jul  5 13:41:24 2019] Launched blk_mem_shared_4_synth_1...
Run output will be captured here: D:/Vivado_learning/MIPS_MCU_v3.0/MIPS_MCU_v3.0.runs/blk_mem_shared_4_synth_1/runme.log
export_simulation -of_objects [get_files d:/Vivado_learning/MIPS_MCU_v3.0/MIPS_MCU_v3.0.srcs/sources_1/ip/blk_mem_shared_4/blk_mem_shared_4.xci] -directory D:/Vivado_learning/MIPS_MCU_v3.0/MIPS_MCU_v3.0.ip_user_files/sim_scripts -ip_user_files_dir D:/Vivado_learning/MIPS_MCU_v3.0/MIPS_MCU_v3.0.ip_user_files -ipstatic_source_dir D:/Vivado_learning/MIPS_MCU_v3.0/MIPS_MCU_v3.0.ip_user_files/ipstatic -lib_map_path [list {modelsim=D:/Vivado_learning/MIPS_MCU_v3.0/MIPS_MCU_v3.0.cache/compile_simlib/modelsim} {questa=D:/Vivado_learning/MIPS_MCU_v3.0/MIPS_MCU_v3.0.cache/compile_simlib/questa} {riviera=D:/Vivado_learning/MIPS_MCU_v3.0/MIPS_MCU_v3.0.cache/compile_simlib/riviera} {activehdl=D:/Vivado_learning/MIPS_MCU_v3.0/MIPS_MCU_v3.0.cache/compile_simlib/activehdl}] -use_ip_compiled_libs -force -quiet
WARNING: [IP_Flow 19-4067] Ignoring invalid widget type specified checkbox.Providing a default widget
WARNING: [IP_Flow 19-4067] Ignoring invalid widget type specified checkbox.Providing a default widget
set_property -dict [list CONFIG.Memory_Type {Simple_Dual_Port_RAM} CONFIG.Write_Width_A {32} CONFIG.Write_Depth_A {4} CONFIG.Read_Width_A {32} CONFIG.Operating_Mode_A {WRITE_FIRST} CONFIG.Write_Width_B {32} CONFIG.Read_Width_B {32} CONFIG.Enable_B {Use_ENB_Pin} CONFIG.Register_PortA_Output_of_Memory_Primitives {false} CONFIG.Register_PortB_Output_of_Memory_Primitives {true} CONFIG.Port_B_Clock {100} CONFIG.Port_B_Enable_Rate {100}] [get_ips blk_mem_shared_5]
generate_target all [get_files  d:/Vivado_learning/MIPS_MCU_v3.0/MIPS_MCU_v3.0.srcs/sources_1/ip/blk_mem_shared_5/blk_mem_shared_5.xci]
INFO: [IP_Flow 19-1686] Generating 'Instantiation Template' target for IP 'blk_mem_shared_5'...
INFO: [IP_Flow 19-1686] Generating 'Synthesis' target for IP 'blk_mem_shared_5'...
INFO: [IP_Flow 19-1686] Generating 'Simulation' target for IP 'blk_mem_shared_5'...
INFO: [IP_Flow 19-1686] Generating 'Miscellaneous' target for IP 'blk_mem_shared_5'...
INFO: [IP_Flow 19-1686] Generating 'Change Log' target for IP 'blk_mem_shared_5'...
catch { config_ip_cache -export [get_ips -all blk_mem_shared_5] }
export_ip_user_files -of_objects [get_files d:/Vivado_learning/MIPS_MCU_v3.0/MIPS_MCU_v3.0.srcs/sources_1/ip/blk_mem_shared_5/blk_mem_shared_5.xci] -no_script -sync -force -quiet
reset_run blk_mem_shared_5_synth_1
WARNING: [Vivado 12-1017] Problems encountered:
1. Failed to delete one or more files in run directory D:/Vivado_learning/MIPS_MCU_v3.0/MIPS_MCU_v3.0.runs/blk_mem_shared_5_synth_1

launch_runs -jobs 12 blk_mem_shared_5_synth_1
[Fri Jul  5 13:42:17 2019] Launched blk_mem_shared_5_synth_1...
Run output will be captured here: D:/Vivado_learning/MIPS_MCU_v3.0/MIPS_MCU_v3.0.runs/blk_mem_shared_5_synth_1/runme.log
export_simulation -of_objects [get_files d:/Vivado_learning/MIPS_MCU_v3.0/MIPS_MCU_v3.0.srcs/sources_1/ip/blk_mem_shared_5/blk_mem_shared_5.xci] -directory D:/Vivado_learning/MIPS_MCU_v3.0/MIPS_MCU_v3.0.ip_user_files/sim_scripts -ip_user_files_dir D:/Vivado_learning/MIPS_MCU_v3.0/MIPS_MCU_v3.0.ip_user_files -ipstatic_source_dir D:/Vivado_learning/MIPS_MCU_v3.0/MIPS_MCU_v3.0.ip_user_files/ipstatic -lib_map_path [list {modelsim=D:/Vivado_learning/MIPS_MCU_v3.0/MIPS_MCU_v3.0.cache/compile_simlib/modelsim} {questa=D:/Vivado_learning/MIPS_MCU_v3.0/MIPS_MCU_v3.0.cache/compile_simlib/questa} {riviera=D:/Vivado_learning/MIPS_MCU_v3.0/MIPS_MCU_v3.0.cache/compile_simlib/riviera} {activehdl=D:/Vivado_learning/MIPS_MCU_v3.0/MIPS_MCU_v3.0.cache/compile_simlib/activehdl}] -use_ip_compiled_libs -force -quiet
WARNING: [IP_Flow 19-4067] Ignoring invalid widget type specified checkbox.Providing a default widget
WARNING: [IP_Flow 19-4067] Ignoring invalid widget type specified checkbox.Providing a default widget
set_property -dict [list CONFIG.Memory_Type {Simple_Dual_Port_RAM} CONFIG.Write_Width_A {32} CONFIG.Write_Depth_A {4} CONFIG.Read_Width_A {32} CONFIG.Operating_Mode_A {READ_FIRST} CONFIG.Write_Width_B {32} CONFIG.Read_Width_B {32} CONFIG.Enable_B {Use_ENB_Pin} CONFIG.Register_PortA_Output_of_Memory_Primitives {false} CONFIG.Register_PortB_Output_of_Memory_Primitives {false} CONFIG.Port_B_Clock {100} CONFIG.Port_B_Enable_Rate {100}] [get_ips blk_mem_shared_6]
generate_target all [get_files  d:/Vivado_learning/MIPS_MCU_v3.0/MIPS_MCU_v3.0.srcs/sources_1/ip/blk_mem_shared_6/blk_mem_shared_6.xci]
INFO: [IP_Flow 19-1686] Generating 'Instantiation Template' target for IP 'blk_mem_shared_6'...
INFO: [IP_Flow 19-1686] Generating 'Synthesis' target for IP 'blk_mem_shared_6'...
INFO: [IP_Flow 19-1686] Generating 'Simulation' target for IP 'blk_mem_shared_6'...
INFO: [IP_Flow 19-1686] Generating 'Miscellaneous' target for IP 'blk_mem_shared_6'...
INFO: [IP_Flow 19-1686] Generating 'Change Log' target for IP 'blk_mem_shared_6'...
catch { config_ip_cache -export [get_ips -all blk_mem_shared_6] }
export_ip_user_files -of_objects [get_files d:/Vivado_learning/MIPS_MCU_v3.0/MIPS_MCU_v3.0.srcs/sources_1/ip/blk_mem_shared_6/blk_mem_shared_6.xci] -no_script -sync -force -quiet
create_ip_run [get_files -of_objects [get_fileset sources_1] d:/Vivado_learning/MIPS_MCU_v3.0/MIPS_MCU_v3.0.srcs/sources_1/ip/blk_mem_shared_6/blk_mem_shared_6.xci]
launch_runs -jobs 12 blk_mem_shared_6_synth_1
[Fri Jul  5 13:43:41 2019] Launched blk_mem_shared_6_synth_1...
Run output will be captured here: D:/Vivado_learning/MIPS_MCU_v3.0/MIPS_MCU_v3.0.runs/blk_mem_shared_6_synth_1/runme.log
export_simulation -of_objects [get_files d:/Vivado_learning/MIPS_MCU_v3.0/MIPS_MCU_v3.0.srcs/sources_1/ip/blk_mem_shared_6/blk_mem_shared_6.xci] -directory D:/Vivado_learning/MIPS_MCU_v3.0/MIPS_MCU_v3.0.ip_user_files/sim_scripts -ip_user_files_dir D:/Vivado_learning/MIPS_MCU_v3.0/MIPS_MCU_v3.0.ip_user_files -ipstatic_source_dir D:/Vivado_learning/MIPS_MCU_v3.0/MIPS_MCU_v3.0.ip_user_files/ipstatic -lib_map_path [list {modelsim=D:/Vivado_learning/MIPS_MCU_v3.0/MIPS_MCU_v3.0.cache/compile_simlib/modelsim} {questa=D:/Vivado_learning/MIPS_MCU_v3.0/MIPS_MCU_v3.0.cache/compile_simlib/questa} {riviera=D:/Vivado_learning/MIPS_MCU_v3.0/MIPS_MCU_v3.0.cache/compile_simlib/riviera} {activehdl=D:/Vivado_learning/MIPS_MCU_v3.0/MIPS_MCU_v3.0.cache/compile_simlib/activehdl}] -use_ip_compiled_libs -force -quiet
WARNING: [IP_Flow 19-4067] Ignoring invalid widget type specified checkbox.Providing a default widget
WARNING: [IP_Flow 19-4067] Ignoring invalid widget type specified checkbox.Providing a default widget
INFO: [IP_Flow 19-3484] Absolute path of file 'd:/Vivado_learning/MIPS_MCU_v3.0/MIPS_MCU_v3.0.srcs/sources_1/1.coe' provided. It will be converted relative to IP Instance files '../../../../MIPS_MCU_v3.0.srcs/sources_1/1.coe'
INFO: [IP_Flow 19-3484] Absolute path of file 'd:/Vivado_learning/MIPS_MCU_v3.0/MIPS_MCU_v3.0.srcs/mul_code1.coe' provided. It will be converted relative to IP Instance files '../../../../MIPS_MCU_v3.0.srcs/mul_code1.coe'
set_property -dict [list CONFIG.Operating_Mode_A {WRITE_FIRST} CONFIG.Load_Init_File {true} CONFIG.Coe_File {D:/Vivado_learning/MIPS_MCU_v3.0/MIPS_MCU_v3.0.srcs/mul_code1.coe}] [get_ips blk_mem_only_1]
INFO: [IP_Flow 19-3484] Absolute path of file 'd:/Vivado_learning/MIPS_MCU_v3.0/MIPS_MCU_v3.0.srcs/mul_code1.coe' provided. It will be converted relative to IP Instance files '../../../mul_code1.coe'
generate_target all [get_files  d:/Vivado_learning/MIPS_MCU_v3.0/MIPS_MCU_v3.0.srcs/sources_1/ip/blk_mem_only_1/blk_mem_only_1.xci]
INFO: [IP_Flow 19-1686] Generating 'Instantiation Template' target for IP 'blk_mem_only_1'...
INFO: [IP_Flow 19-1686] Generating 'Synthesis' target for IP 'blk_mem_only_1'...
INFO: [IP_Flow 19-1686] Generating 'Simulation' target for IP 'blk_mem_only_1'...
INFO: [IP_Flow 19-1686] Generating 'Miscellaneous' target for IP 'blk_mem_only_1'...
INFO: [IP_Flow 19-1686] Generating 'Change Log' target for IP 'blk_mem_only_1'...
catch { config_ip_cache -export [get_ips -all blk_mem_only_1] }
export_ip_user_files -of_objects [get_files d:/Vivado_learning/MIPS_MCU_v3.0/MIPS_MCU_v3.0.srcs/sources_1/ip/blk_mem_only_1/blk_mem_only_1.xci] -no_script -sync -force -quiet
reset_run blk_mem_only_1_synth_1
launch_runs -jobs 12 blk_mem_only_1_synth_1
[Fri Jul  5 13:47:52 2019] Launched blk_mem_only_1_synth_1...
Run output will be captured here: D:/Vivado_learning/MIPS_MCU_v3.0/MIPS_MCU_v3.0.runs/blk_mem_only_1_synth_1/runme.log
export_simulation -of_objects [get_files d:/Vivado_learning/MIPS_MCU_v3.0/MIPS_MCU_v3.0.srcs/sources_1/ip/blk_mem_only_1/blk_mem_only_1.xci] -directory D:/Vivado_learning/MIPS_MCU_v3.0/MIPS_MCU_v3.0.ip_user_files/sim_scripts -ip_user_files_dir D:/Vivado_learning/MIPS_MCU_v3.0/MIPS_MCU_v3.0.ip_user_files -ipstatic_source_dir D:/Vivado_learning/MIPS_MCU_v3.0/MIPS_MCU_v3.0.ip_user_files/ipstatic -lib_map_path [list {modelsim=D:/Vivado_learning/MIPS_MCU_v3.0/MIPS_MCU_v3.0.cache/compile_simlib/modelsim} {questa=D:/Vivado_learning/MIPS_MCU_v3.0/MIPS_MCU_v3.0.cache/compile_simlib/questa} {riviera=D:/Vivado_learning/MIPS_MCU_v3.0/MIPS_MCU_v3.0.cache/compile_simlib/riviera} {activehdl=D:/Vivado_learning/MIPS_MCU_v3.0/MIPS_MCU_v3.0.cache/compile_simlib/activehdl}] -use_ip_compiled_libs -force -quiet
WARNING: [IP_Flow 19-4067] Ignoring invalid widget type specified checkbox.Providing a default widget
WARNING: [IP_Flow 19-4067] Ignoring invalid widget type specified checkbox.Providing a default widget
INFO: [IP_Flow 19-3484] Absolute path of file 'd:/Vivado_learning/MIPS_MCU_v3.0/MIPS_MCU_v3.0.srcs/mul_code2.coe' provided. It will be converted relative to IP Instance files '../../../../MIPS_MCU_v3.0.srcs/mul_code2.coe'
set_property -dict [list CONFIG.Load_Init_File {true} CONFIG.Coe_File {D:/Vivado_learning/MIPS_MCU_v3.0/MIPS_MCU_v3.0.srcs/mul_code2.coe}] [get_ips blk_mem_only_2]
INFO: [IP_Flow 19-3484] Absolute path of file 'd:/Vivado_learning/MIPS_MCU_v3.0/MIPS_MCU_v3.0.srcs/mul_code2.coe' provided. It will be converted relative to IP Instance files '../../../mul_code2.coe'
generate_target all [get_files  d:/Vivado_learning/MIPS_MCU_v3.0/MIPS_MCU_v3.0.srcs/sources_1/ip/blk_mem_only_2/blk_mem_only_2.xci]
INFO: [IP_Flow 19-1686] Generating 'Instantiation Template' target for IP 'blk_mem_only_2'...
INFO: [IP_Flow 19-1686] Generating 'Synthesis' target for IP 'blk_mem_only_2'...
INFO: [IP_Flow 19-1686] Generating 'Simulation' target for IP 'blk_mem_only_2'...
INFO: [IP_Flow 19-1686] Generating 'Miscellaneous' target for IP 'blk_mem_only_2'...
INFO: [IP_Flow 19-1686] Generating 'Change Log' target for IP 'blk_mem_only_2'...
catch { config_ip_cache -export [get_ips -all blk_mem_only_2] }
export_ip_user_files -of_objects [get_files d:/Vivado_learning/MIPS_MCU_v3.0/MIPS_MCU_v3.0.srcs/sources_1/ip/blk_mem_only_2/blk_mem_only_2.xci] -no_script -sync -force -quiet
reset_run blk_mem_only_2_synth_1
WARNING: [Vivado 12-1017] Problems encountered:
1. Failed to delete one or more files in run directory D:/Vivado_learning/MIPS_MCU_v3.0/MIPS_MCU_v3.0.runs/blk_mem_only_2_synth_1

launch_runs -jobs 12 blk_mem_only_2_synth_1
[Fri Jul  5 13:48:38 2019] Launched blk_mem_only_2_synth_1...
Run output will be captured here: D:/Vivado_learning/MIPS_MCU_v3.0/MIPS_MCU_v3.0.runs/blk_mem_only_2_synth_1/runme.log
export_simulation -of_objects [get_files d:/Vivado_learning/MIPS_MCU_v3.0/MIPS_MCU_v3.0.srcs/sources_1/ip/blk_mem_only_2/blk_mem_only_2.xci] -directory D:/Vivado_learning/MIPS_MCU_v3.0/MIPS_MCU_v3.0.ip_user_files/sim_scripts -ip_user_files_dir D:/Vivado_learning/MIPS_MCU_v3.0/MIPS_MCU_v3.0.ip_user_files -ipstatic_source_dir D:/Vivado_learning/MIPS_MCU_v3.0/MIPS_MCU_v3.0.ip_user_files/ipstatic -lib_map_path [list {modelsim=D:/Vivado_learning/MIPS_MCU_v3.0/MIPS_MCU_v3.0.cache/compile_simlib/modelsim} {questa=D:/Vivado_learning/MIPS_MCU_v3.0/MIPS_MCU_v3.0.cache/compile_simlib/questa} {riviera=D:/Vivado_learning/MIPS_MCU_v3.0/MIPS_MCU_v3.0.cache/compile_simlib/riviera} {activehdl=D:/Vivado_learning/MIPS_MCU_v3.0/MIPS_MCU_v3.0.cache/compile_simlib/activehdl}] -use_ip_compiled_libs -force -quiet
WARNING: [IP_Flow 19-4067] Ignoring invalid widget type specified checkbox.Providing a default widget
WARNING: [IP_Flow 19-4067] Ignoring invalid widget type specified checkbox.Providing a default widget
INFO: [IP_Flow 19-3484] Absolute path of file 'd:/Vivado_learning/MIPS_MCU_v3.0/MIPS_MCU_v3.0.srcs/mul_code3.coe' provided. It will be converted relative to IP Instance files '../../../../MIPS_MCU_v3.0.srcs/mul_code3.coe'
INFO: [IP_Flow 19-3484] Absolute path of file 'd:/Vivado_learning/MIPS_MCU_v3.0/MIPS_MCU_v3.0.srcs/mul_code7.coe' provided. It will be converted relative to IP Instance files '../../../../MIPS_MCU_v3.0.srcs/mul_code7.coe'
set_property -dict [list CONFIG.Load_Init_File {true} CONFIG.Coe_File {D:/Vivado_learning/MIPS_MCU_v3.0/MIPS_MCU_v3.0.srcs/mul_code7.coe}] [get_ips blk_mem_only_7]
INFO: [IP_Flow 19-3484] Absolute path of file 'd:/Vivado_learning/MIPS_MCU_v3.0/MIPS_MCU_v3.0.srcs/mul_code7.coe' provided. It will be converted relative to IP Instance files '../../../mul_code7.coe'
generate_target all [get_files  d:/Vivado_learning/MIPS_MCU_v3.0/MIPS_MCU_v3.0.srcs/sources_1/ip/blk_mem_only_7/blk_mem_only_7.xci]
INFO: [IP_Flow 19-1686] Generating 'Instantiation Template' target for IP 'blk_mem_only_7'...
INFO: [IP_Flow 19-1686] Generating 'Synthesis' target for IP 'blk_mem_only_7'...
INFO: [IP_Flow 19-1686] Generating 'Simulation' target for IP 'blk_mem_only_7'...
INFO: [IP_Flow 19-1686] Generating 'Miscellaneous' target for IP 'blk_mem_only_7'...
INFO: [IP_Flow 19-1686] Generating 'Change Log' target for IP 'blk_mem_only_7'...
catch { config_ip_cache -export [get_ips -all blk_mem_only_7] }
export_ip_user_files -of_objects [get_files d:/Vivado_learning/MIPS_MCU_v3.0/MIPS_MCU_v3.0.srcs/sources_1/ip/blk_mem_only_7/blk_mem_only_7.xci] -no_script -sync -force -quiet
reset_run blk_mem_only_7_synth_1
WARNING: [Vivado 12-1017] Problems encountered:
1. Failed to delete one or more files in run directory D:/Vivado_learning/MIPS_MCU_v3.0/MIPS_MCU_v3.0.runs/blk_mem_only_7_synth_1

launch_runs -jobs 12 blk_mem_only_7_synth_1
[Fri Jul  5 13:49:27 2019] Launched blk_mem_only_7_synth_1...
Run output will be captured here: D:/Vivado_learning/MIPS_MCU_v3.0/MIPS_MCU_v3.0.runs/blk_mem_only_7_synth_1/runme.log
export_simulation -of_objects [get_files d:/Vivado_learning/MIPS_MCU_v3.0/MIPS_MCU_v3.0.srcs/sources_1/ip/blk_mem_only_7/blk_mem_only_7.xci] -directory D:/Vivado_learning/MIPS_MCU_v3.0/MIPS_MCU_v3.0.ip_user_files/sim_scripts -ip_user_files_dir D:/Vivado_learning/MIPS_MCU_v3.0/MIPS_MCU_v3.0.ip_user_files -ipstatic_source_dir D:/Vivado_learning/MIPS_MCU_v3.0/MIPS_MCU_v3.0.ip_user_files/ipstatic -lib_map_path [list {modelsim=D:/Vivado_learning/MIPS_MCU_v3.0/MIPS_MCU_v3.0.cache/compile_simlib/modelsim} {questa=D:/Vivado_learning/MIPS_MCU_v3.0/MIPS_MCU_v3.0.cache/compile_simlib/questa} {riviera=D:/Vivado_learning/MIPS_MCU_v3.0/MIPS_MCU_v3.0.cache/compile_simlib/riviera} {activehdl=D:/Vivado_learning/MIPS_MCU_v3.0/MIPS_MCU_v3.0.cache/compile_simlib/activehdl}] -use_ip_compiled_libs -force -quiet
WARNING: [IP_Flow 19-4067] Ignoring invalid widget type specified checkbox.Providing a default widget
WARNING: [IP_Flow 19-4067] Ignoring invalid widget type specified checkbox.Providing a default widget
INFO: [IP_Flow 19-3484] Absolute path of file 'd:/Vivado_learning/MIPS_MCU_v3.0/MIPS_MCU_v3.0.srcs/mul_code8.coe' provided. It will be converted relative to IP Instance files '../../../../MIPS_MCU_v3.0.srcs/mul_code8.coe'
set_property -dict [list CONFIG.Load_Init_File {true} CONFIG.Coe_File {D:/Vivado_learning/MIPS_MCU_v3.0/MIPS_MCU_v3.0.srcs/mul_code8.coe}] [get_ips blk_mem_only_8]
INFO: [IP_Flow 19-3484] Absolute path of file 'd:/Vivado_learning/MIPS_MCU_v3.0/MIPS_MCU_v3.0.srcs/mul_code8.coe' provided. It will be converted relative to IP Instance files '../../../mul_code8.coe'
generate_target all [get_files  d:/Vivado_learning/MIPS_MCU_v3.0/MIPS_MCU_v3.0.srcs/sources_1/ip/blk_mem_only_8/blk_mem_only_8.xci]
INFO: [IP_Flow 19-1686] Generating 'Instantiation Template' target for IP 'blk_mem_only_8'...
INFO: [IP_Flow 19-1686] Generating 'Synthesis' target for IP 'blk_mem_only_8'...
INFO: [IP_Flow 19-1686] Generating 'Simulation' target for IP 'blk_mem_only_8'...
INFO: [IP_Flow 19-1686] Generating 'Miscellaneous' target for IP 'blk_mem_only_8'...
INFO: [IP_Flow 19-1686] Generating 'Change Log' target for IP 'blk_mem_only_8'...
catch { config_ip_cache -export [get_ips -all blk_mem_only_8] }
export_ip_user_files -of_objects [get_files d:/Vivado_learning/MIPS_MCU_v3.0/MIPS_MCU_v3.0.srcs/sources_1/ip/blk_mem_only_8/blk_mem_only_8.xci] -no_script -sync -force -quiet
create_ip_run [get_files -of_objects [get_fileset sources_1] d:/Vivado_learning/MIPS_MCU_v3.0/MIPS_MCU_v3.0.srcs/sources_1/ip/blk_mem_only_8/blk_mem_only_8.xci]
launch_runs -jobs 12 blk_mem_only_8_synth_1
[Fri Jul  5 13:50:17 2019] Launched blk_mem_only_8_synth_1...
Run output will be captured here: D:/Vivado_learning/MIPS_MCU_v3.0/MIPS_MCU_v3.0.runs/blk_mem_only_8_synth_1/runme.log
export_simulation -of_objects [get_files d:/Vivado_learning/MIPS_MCU_v3.0/MIPS_MCU_v3.0.srcs/sources_1/ip/blk_mem_only_8/blk_mem_only_8.xci] -directory D:/Vivado_learning/MIPS_MCU_v3.0/MIPS_MCU_v3.0.ip_user_files/sim_scripts -ip_user_files_dir D:/Vivado_learning/MIPS_MCU_v3.0/MIPS_MCU_v3.0.ip_user_files -ipstatic_source_dir D:/Vivado_learning/MIPS_MCU_v3.0/MIPS_MCU_v3.0.ip_user_files/ipstatic -lib_map_path [list {modelsim=D:/Vivado_learning/MIPS_MCU_v3.0/MIPS_MCU_v3.0.cache/compile_simlib/modelsim} {questa=D:/Vivado_learning/MIPS_MCU_v3.0/MIPS_MCU_v3.0.cache/compile_simlib/questa} {riviera=D:/Vivado_learning/MIPS_MCU_v3.0/MIPS_MCU_v3.0.cache/compile_simlib/riviera} {activehdl=D:/Vivado_learning/MIPS_MCU_v3.0/MIPS_MCU_v3.0.cache/compile_simlib/activehdl}] -use_ip_compiled_libs -force -quiet
WARNING: [IP_Flow 19-4067] Ignoring invalid widget type specified checkbox.Providing a default widget
WARNING: [IP_Flow 19-4067] Ignoring invalid widget type specified checkbox.Providing a default widget
INFO: [IP_Flow 19-3484] Absolute path of file 'd:/Vivado_learning/MIPS_MCU_v3.0/MIPS_MCU_v3.0.srcs/mul_code3.coe' provided. It will be converted relative to IP Instance files '../../../../MIPS_MCU_v3.0.srcs/mul_code3.coe'
WARNING: [IP_Flow 19-4067] Ignoring invalid widget type specified checkbox.Providing a default widget
WARNING: [IP_Flow 19-4067] Ignoring invalid widget type specified checkbox.Providing a default widget
exit
INFO: [Common 17-206] Exiting Vivado at Fri Jul  5 13:54:25 2019...
